[2023-02-03 10:14:54]
scene [town] clear all map data, [town/town_mainmenu]!
[2023-02-03 10:14:57]
scene [world] clear all map data, [noname dat]!
[2023-02-03 10:14:57]
scene [town] clear all map data, [town/town_mainmenu]!
[2023-02-03 10:14:57]
scene [loading] clear all map data, [noname dat]!
[2023-02-03 10:14:58]
scene [world] clear all map data, [world/start_001]!
[2023-02-03 10:15:11]
scene [world] clear all map data, [world/start_001]!
[2023-02-03 10:15:11]
scene [world] clear all map data, [world/start_001]!
[2023-02-03 10:15:11]
scene [loading] clear all map data, [noname dat]!
[2023-02-03 10:15:12]
scene [world] clear all map data, [world/csys_random_test]!
[2023-02-03 10:15:30]
scene [world] clear all map data, [world/csys_random_test]!
[2023-02-03 10:15:30]
scene [world] clear all map data, [world/csys_random_test]!
[2023-02-03 10:15:30]
scene [loading] clear all map data, [noname dat]!
[2023-02-03 10:15:31]
scene [world] clear all map data, [world/start_001]!
