[2023-02-03 10:14:54]
Switch Scene Begin:---------------------------------------------------
[2023-02-03 10:14:54]
Switch Scene End:---------------------------------------------------

[2023-02-03 10:14:57]
Switch Scene Begin:---------------------------------------------------
[2023-02-03 10:14:57][town] remove map_sprite [town/town_mainmenu] [town/town_mainmenu]
[2023-02-03 10:14:57]
Switch Scene End:---------------------------------------------------

[2023-02-03 10:15:04]
Switch Scene Begin:---------------------------------------------------
[2023-02-03 10:15:04][loading] remove map_sprite [other/loading] [noname dat]
[2023-02-03 10:15:04]
Switch Scene End:---------------------------------------------------

[2023-02-03 10:15:11][world] remove map_sprite [world/start_001] [world/start_001]
[2023-02-03 10:15:11]
Switch Scene Begin:---------------------------------------------------
[2023-02-03 10:15:12]
Switch Scene End:---------------------------------------------------

[2023-02-03 10:15:13]
Switch Scene Begin:---------------------------------------------------
[2023-02-03 10:15:13][loading] remove map_sprite [other/loading] [noname dat]
[2023-02-03 10:15:13]
Switch Scene End:---------------------------------------------------

[2023-02-03 10:15:30]
Switch Scene Begin:---------------------------------------------------
[2023-02-03 10:15:30]
Switch Scene End:---------------------------------------------------

[2023-02-03 10:15:37]
Switch Scene Begin:---------------------------------------------------
[2023-02-03 10:15:37][loading] remove map_sprite [other/loading] [noname dat]
[2023-02-03 10:15:37]
Switch Scene End:---------------------------------------------------

