[2023-02-03 10:14:53]xlLoadGameData:save/local/account_antologin.cfg 
[2023-02-03 10:14:53]xlLoadGameData:save/local/allowprivacy.cfg 
[2023-02-03 10:14:53]xlLoadGameData:save/local/new_guest55.cfg 
[2023-02-03 10:14:53]xlLoadGameData:save/local/playerlist.sav 
[2023-02-03 10:14:54]xlLoadGameData:save/local/User30000057playerdata.sav 
[2023-02-03 10:14:54]xlLoadGameData:save/local/User30000057playerlog.sav 
[2023-02-03 10:14:54]xlLoadGameData:data/map/town/town_mainmenu.dat 
[2023-02-03 10:14:54]xlLoadGameData:save/local/User30000057playerlog.sav 
[2023-02-03 10:14:54]xlLoadGameData:save/local/User30000057playerdata.sav 
[2023-02-03 10:14:54]xlLoadGameData:save/local/User30000057playerlog.sav 
[2023-02-03 10:14:54]xlLoadGameData:save/local/options.cfg 
[2023-02-03 10:14:57]xlLoadGameData:save/local/playerlist.sav 
[2023-02-03 10:14:57]xlLoadGameData:save/local/User30000057playerlog.sav 
[2023-02-03 10:14:57]xlLoadGameData:save/local/User30000057playerdata.sav 
[2023-02-03 10:14:57]xlLoadGameData:save/local/User30000057playerlog.sav 
[2023-02-03 10:14:57]xlLoadGameData:save/local/User30000057playerlog.sav 
[2023-02-03 10:14:57]xlLoadGameData:save/local/User30000057playerdata.sav 
[2023-02-03 10:14:57]xlLoadGameData:save/local/User30000057playerlog.sav 
[2023-02-03 10:14:58]xlLoadGameData:data/map/world/start_001.dat 
[2023-02-03 10:15:04]xlLoadGameData:save/local/User30000057playerdata.sav 
[2023-02-03 10:15:04]xlLoadGameData:save/local/User30000057playerlog.sav 
[2023-02-03 10:15:12]xlLoadGameData:data/map/world/csys_random_test.dat 
[2023-02-03 10:15:13]xlLoadGameData:save/local/User30000057playerdata.sav 
[2023-02-03 10:15:13]xlLoadGameData:save/local/User30000057playerlog.sav 
[2023-02-03 10:15:31]xlLoadGameData:data/map/world/start_001.dat 
[2023-02-03 10:15:37]xlLoadGameData:save/local/User30000057playerdata.sav 
[2023-02-03 10:15:37]xlLoadGameData:save/local/User30000057playerlog.sav 
